2015/06/11 04:06:37 [error] [exception.CHttpException.404] exception 'CHttpException' with message 'The system is unable to find the requested action "admin".' in C:\wamp\www\yii1\framework\web\CController.php:477
Stack trace:
#0 C:\wamp\www\yii1\framework\web\CController.php(262): CController->missingAction('admin')
#1 C:\wamp\www\yii1\framework\web\CWebApplication.php(328): CController->run('admin')
#2 C:\wamp\www\yii1\framework\web\CWebApplication.php(121): CWebApplication->runController('tpZt/admin')
#3 C:\wamp\www\yii1\framework\base\CApplication.php(155): CWebApplication->processRequest()
#4 C:\wamp\www\myvote\index.php(13): CApplication->run()
#5 {main} REQUEST_URI=/myvote/index.php?r=tpZt/admin
2015/06/11 04:06:43 [error] [exception.CHttpException.404] exception 'CHttpException' with message 'The system is unable to find the requested action "admin.php".' in C:\wamp\www\yii1\framework\web\CController.php:477
Stack trace:
#0 C:\wamp\www\yii1\framework\web\CController.php(262): CController->missingAction('admin.php')
#1 C:\wamp\www\yii1\framework\web\CWebApplication.php(328): CController->run('admin.php')
#2 C:\wamp\www\yii1\framework\web\CWebApplication.php(121): CWebApplication->runController('tpZt/admin.php')
#3 C:\wamp\www\yii1\framework\base\CApplication.php(155): CWebApplication->processRequest()
#4 C:\wamp\www\myvote\index.php(13): CApplication->run()
#5 {main} REQUEST_URI=/myvote/index.php?r=tpZt/admin.php
2015/06/11 04:06:49 [error] [exception.CHttpException.404] exception 'CHttpException' with message 'The system is unable to find the requested action "admin.php".' in C:\wamp\www\yii1\framework\web\CController.php:477
Stack trace:
#0 C:\wamp\www\yii1\framework\web\CController.php(262): CController->missingAction('admin.php')
#1 C:\wamp\www\yii1\framework\web\CWebApplication.php(328): CController->run('admin.php')
#2 C:\wamp\www\yii1\framework\web\CWebApplication.php(121): CWebApplication->runController('TpZt/admin.php')
#3 C:\wamp\www\yii1\framework\base\CApplication.php(155): CWebApplication->processRequest()
#4 C:\wamp\www\myvote\index.php(13): CApplication->run()
#5 {main} REQUEST_URI=/myvote/index.php?r=TpZt/admin.php
2015/06/11 04:07:10 [error] [exception.CHttpException.404] exception 'CHttpException' with message 'The system is unable to find the requested action "create".' in C:\wamp\www\yii1\framework\web\CController.php:477
Stack trace:
#0 C:\wamp\www\yii1\framework\web\CController.php(262): CController->missingAction('create')
#1 C:\wamp\www\yii1\framework\web\CWebApplication.php(328): CController->run('create')
#2 C:\wamp\www\yii1\framework\web\CWebApplication.php(121): CWebApplication->runController('TpZt/create')
#3 C:\wamp\www\yii1\framework\base\CApplication.php(155): CWebApplication->processRequest()
#4 C:\wamp\www\myvote\index.php(13): CApplication->run()
#5 {main} REQUEST_URI=/myvote/index.php?r=TpZt/create
2015/06/11 04:08:33 [error] [exception.CHttpException.404] exception 'CHttpException' with message 'The system is unable to find the requested action "create".' in C:\wamp\www\yii1\framework\web\CController.php:477
Stack trace:
#0 C:\wamp\www\yii1\framework\web\CController.php(262): CController->missingAction('create')
#1 C:\wamp\www\yii1\framework\web\CWebApplication.php(328): CController->run('create')
#2 C:\wamp\www\yii1\framework\web\CWebApplication.php(121): CWebApplication->runController('tpZt/create')
#3 C:\wamp\www\yii1\framework\base\CApplication.php(155): CWebApplication->processRequest()
#4 C:\wamp\www\myvote\index.php(13): CApplication->run()
#5 {main} REQUEST_URI=/myvote/index.php?r=tpZt/create
2015/06/11 04:09:21 [error] [exception.CHttpException.404] exception 'CHttpException' with message 'The system is unable to find the requested action "create".' in C:\wamp\www\yii1\framework\web\CController.php:477
Stack trace:
#0 C:\wamp\www\yii1\framework\web\CController.php(262): CController->missingAction('create')
#1 C:\wamp\www\yii1\framework\web\CWebApplication.php(328): CController->run('create')
#2 C:\wamp\www\yii1\framework\web\CWebApplication.php(121): CWebApplication->runController('TpZt/create')
#3 C:\wamp\www\yii1\framework\base\CApplication.php(155): CWebApplication->processRequest()
#4 C:\wamp\www\myvote\index.php(13): CApplication->run()
#5 {main} REQUEST_URI=/myvote/index.php?r=TpZt/create
2015/06/12 00:23:40 [error] [exception.CException] exception 'CException' with message 'Property "TpWt.wtid" is not defined.' in C:\wamp\www\yii1\framework\base\CComponent.php:131
Stack trace:
#0 C:\wamp\www\yii1\framework\db\ar\CActiveRecord.php(128): CComponent->__get('wtid')
#1 C:\wamp\www\yii1\framework\web\helpers\CHtml.php(2050): CActiveRecord->__get('wtid')
#2 C:\wamp\www\yii1\framework\web\helpers\CHtml.php(1384): CHtml::resolveValue(Object(TpWt), 'wtid')
#3 C:\wamp\www\yii1\framework\web\widgets\CActiveForm.php(673): CHtml::activeDropDownList(Object(TpWt), 'wtid', Array, Array)
#4 C:\wamp\www\myvote\protected\views\tpWt\_form.php(20): CActiveForm->dropDownList(Object(TpWt), 'wtid', Array)
#5 C:\wamp\www\yii1\framework\web\CBaseController.php(119): require('C:\wamp\www\myv...')
#6 C:\wamp\www\yii1\framework\web\CBaseController.php(88): CBaseController->renderInternal('C:\wamp\www\myv...', Array, true)
#7 C:\wamp\www\yii1\framework\web\CController.php(866): CBaseController->renderFile('C:\wamp\www\myv...', Array, true)
#8 C:\wamp\www\myvote\protected\views\tpWt\create.php(15): CController->renderPartial('_form', Array)
#9 C:\wamp\www\yii1\framework\web\CBaseController.php(119): require('C:\wamp\www\myv...')
#10 C:\wamp\www\yii1\framework\web\CBaseController.php(88): CBaseController->renderInternal('C:\wamp\www\myv...', Array, true)
#11 C:\wamp\www\yii1\framework\web\CController.php(866): CBaseController->renderFile('C:\wamp\www\myv...', Array, true)
#12 C:\wamp\www\yii1\framework\web\CController.php(779): CController->renderPartial('create', Array, true)
#13 C:\wamp\www\myvote\protected\controllers\TpWtController.php(78): CController->render('create', Array)
#14 C:\wamp\www\yii1\framework\web\actions\CInlineAction.php(50): TpWtController->actionCreate()
#15 C:\wamp\www\yii1\framework\web\CController.php(300): CInlineAction->runWithParams(Array)
#16 C:\wamp\www\yii1\framework\web\filters\CFilterChain.php(133): CController->runAction(Object(CInlineAction))
#17 C:\wamp\www\yii1\framework\web\filters\CFilter.php(41): CFilterChain->run()
#18 C:\wamp\www\yii1\framework\web\CController.php(1122): CFilter->filter(Object(CFilterChain))
#19 C:\wamp\www\yii1\framework\web\filters\CInlineFilter.php(59): CController->filterAccessControl(Object(CFilterChain))
#20 C:\wamp\www\yii1\framework\web\filters\CFilterChain.php(130): CInlineFilter->filter(Object(CFilterChain))
#21 C:\wamp\www\yii1\framework\web\CController.php(283): CFilterChain->run()
#22 C:\wamp\www\yii1\framework\web\CController.php(257): CController->runActionWithFilters(Object(CInlineAction), Array)
#23 C:\wamp\www\yii1\framework\web\CWebApplication.php(328): CController->run('create')
#24 C:\wamp\www\yii1\framework\web\CWebApplication.php(121): CWebApplication->runController('tpWt/create')
#25 C:\wamp\www\yii1\framework\base\CApplication.php(155): CWebApplication->processRequest()
#26 C:\wamp\www\myvote\index.php(13): CApplication->run()
#27 {main} REQUEST_URI=/myvote/index.php?r=tpWt/create
2015/06/12 00:24:07 [error] [php] Undefined variable: Ztlist (C:\wamp\www\myvote\protected\models\TpZt.php:104)
Stack trace:
#0 C:\wamp\www\yii1\framework\web\CBaseController.php(88): TpWtController->renderInternal()
#1 C:\wamp\www\yii1\framework\web\CController.php(866): TpWtController->renderFile()
#2 C:\wamp\www\myvote\protected\views\tpWt\create.php(15): TpWtController->renderPartial()
#3 C:\wamp\www\yii1\framework\web\CBaseController.php(119): require()
#4 C:\wamp\www\yii1\framework\web\CBaseController.php(88): TpWtController->renderInternal()
#5 C:\wamp\www\yii1\framework\web\CController.php(866): TpWtController->renderFile()
#6 C:\wamp\www\yii1\framework\web\CController.php(779): TpWtController->renderPartial()
#7 C:\wamp\www\myvote\protected\controllers\TpWtController.php(78): TpWtController->render()
#8 C:\wamp\www\yii1\framework\web\actions\CInlineAction.php(50): TpWtController->actionCreate()
#9 C:\wamp\www\yii1\framework\web\CController.php(300): CInlineAction->runWithParams()
#10 C:\wamp\www\yii1\framework\web\filters\CFilterChain.php(133): TpWtController->runAction()
#11 C:\wamp\www\yii1\framework\web\filters\CFilter.php(41): CFilterChain->run()
#12 C:\wamp\www\yii1\framework\web\CController.php(1122): CAccessControlFilter->filter()
#13 C:\wamp\www\yii1\framework\web\filters\CInlineFilter.php(59): TpWtController->filterAccessControl()
#14 C:\wamp\www\yii1\framework\web\filters\CFilterChain.php(130): CInlineFilter->filter()
#15 C:\wamp\www\yii1\framework\web\CController.php(283): CFilterChain->run()
#16 C:\wamp\www\yii1\framework\web\CController.php(257): TpWtController->runActionWithFilters()
#17 C:\wamp\www\yii1\framework\web\CWebApplication.php(328): TpWtController->run()
#18 C:\wamp\www\yii1\framework\web\CWebApplication.php(121): CWebApplication->runController()
#19 C:\wamp\www\yii1\framework\base\CApplication.php(155): CWebApplication->processRequest()
#20 C:\wamp\www\myvote\index.php(13): CWebApplication->run()
REQUEST_URI=/myvote/index.php?r=tpWt/create
in C:\wamp\www\myvote\protected\models\TpZt.php (104)
in C:\wamp\www\myvote\protected\views\tpWt\_form.php (20)
in C:\wamp\www\myvote\protected\views\tpWt\create.php (15)
2015/06/13 07:29:42 [error] [exception.CHttpException.404] exception 'CHttpException' with message 'Unable to resolve the request "pear".' in C:\wamp\www\yii1\framework\web\CWebApplication.php:332
Stack trace:
#0 C:\wamp\www\yii1\framework\web\CWebApplication.php(121): CWebApplication->runController('pear')
#1 C:\wamp\www\yii1\framework\base\CApplication.php(155): CWebApplication->processRequest()
#2 C:\wamp\www\myvote\index.php(13): CApplication->run()
#3 {main} REQUEST_URI=/myvote/index.php?r=pear
2015/06/13 07:29:58 [error] [exception.CHttpException.404] exception 'CHttpException' with message 'Unable to resolve the request "pear".' in C:\wamp\www\yii1\framework\web\CWebApplication.php:332
Stack trace:
#0 C:\wamp\www\yii1\framework\web\CWebApplication.php(121): CWebApplication->runController('pear')
#1 C:\wamp\www\yii1\framework\base\CApplication.php(155): CWebApplication->processRequest()
#2 C:\wamp\www\myvote\index.php(13): CApplication->run()
#3 {main} REQUEST_URI=/myvote/?r=pear
2015/06/13 12:38:17 [error] [exception.CHttpException.404] exception 'CHttpException' with message 'Unable to resolve the request "Admin/AdminModule.php".' in C:\wamp\www\yii1\framework\web\CWebApplication.php:332
Stack trace:
#0 C:\wamp\www\yii1\framework\web\CWebApplication.php(121): CWebApplication->runController('Admin/AdminModu...')
#1 C:\wamp\www\yii1\framework\base\CApplication.php(155): CWebApplication->processRequest()
#2 C:\wamp\www\myvote\index.php(13): CApplication->run()
#3 {main} REQUEST_URI=/myvote/index.php?r=Admin/AdminModule.php
2015/06/14 05:17:37 [error] [exception.CHttpException.404] exception 'CHttpException' with message 'Unable to resolve the request "index.php?r=admn".' in C:\wamp\www\yii1\framework\web\CWebApplication.php:332
Stack trace:
#0 C:\wamp\www\yii1\framework\web\CWebApplication.php(121): CWebApplication->runController('index.php?r=adm...')
#1 C:\wamp\www\yii1\framework\base\CApplication.php(155): CWebApplication->processRequest()
#2 C:\wamp\www\myvote\index.php(13): CApplication->run()
#3 {main} REQUEST_URI=/myvote/index.php?r=index.php?r=admn
2015/06/14 05:26:17 [error] [php] include(UsserMenu.php) [<a href='function.include'>function.include</a>]: failed to open stream: No such file or directory (C:\wamp\www\yii1\framework\YiiBase.php:396)
Stack trace:
#0 C:\wamp\www\yii1\framework\web\CWidgetFactory.php(147): import()
#1 C:\wamp\www\yii1\framework\web\CBaseController.php(139): CWidgetFactory->createWidget()
#2 C:\wamp\www\yii1\framework\web\CBaseController.php(165): SiteController->createWidget()
#3 C:\wamp\www\myvote\protected\views\layouts\column1.php(18): SiteController->widget()
#4 C:\wamp\www\yii1\framework\web\CBaseController.php(119): require()
#5 C:\wamp\www\yii1\framework\web\CBaseController.php(88): SiteController->renderInternal()
#6 C:\wamp\www\yii1\framework\web\CController.php(781): SiteController->renderFile()
#7 C:\wamp\www\myvote\protected\controllers\SiteController.php(32): SiteController->render()
#8 C:\wamp\www\yii1\framework\web\actions\CInlineAction.php(50): SiteController->actionIndex()
#9 C:\wamp\www\yii1\framework\web\CController.php(300): CInlineAction->runWithParams()
#10 C:\wamp\www\yii1\framework\web\CController.php(278): SiteController->runAction()
#11 C:\wamp\www\yii1\framework\web\CController.php(257): SiteController->runActionWithFilters()
#12 C:\wamp\www\yii1\framework\web\CWebApplication.php(328): SiteController->run()
#13 C:\wamp\www\yii1\framework\web\CWebApplication.php(121): CWebApplication->runController()
#14 C:\wamp\www\yii1\framework\base\CApplication.php(155): CWebApplication->processRequest()
#15 C:\wamp\www\myvote\index.php(13): CWebApplication->run()
REQUEST_URI=/myvote/index.php
in C:\wamp\www\myvote\protected\views\layouts\column1.php (18)
in C:\wamp\www\myvote\protected\controllers\SiteController.php (32)
in C:\wamp\www\myvote\index.php (13)
2015/06/14 05:26:28 [error] [php] include(UserMenu.php) [<a href='function.include'>function.include</a>]: failed to open stream: No such file or directory (C:\wamp\www\yii1\framework\YiiBase.php:396)
Stack trace:
#0 C:\wamp\www\yii1\framework\web\CWidgetFactory.php(147): import()
#1 C:\wamp\www\yii1\framework\web\CBaseController.php(139): CWidgetFactory->createWidget()
#2 C:\wamp\www\yii1\framework\web\CBaseController.php(165): SiteController->createWidget()
#3 C:\wamp\www\myvote\protected\views\layouts\column1.php(18): SiteController->widget()
#4 C:\wamp\www\yii1\framework\web\CBaseController.php(119): require()
#5 C:\wamp\www\yii1\framework\web\CBaseController.php(88): SiteController->renderInternal()
#6 C:\wamp\www\yii1\framework\web\CController.php(781): SiteController->renderFile()
#7 C:\wamp\www\myvote\protected\controllers\SiteController.php(32): SiteController->render()
#8 C:\wamp\www\yii1\framework\web\actions\CInlineAction.php(50): SiteController->actionIndex()
#9 C:\wamp\www\yii1\framework\web\CController.php(300): CInlineAction->runWithParams()
#10 C:\wamp\www\yii1\framework\web\CController.php(278): SiteController->runAction()
#11 C:\wamp\www\yii1\framework\web\CController.php(257): SiteController->runActionWithFilters()
#12 C:\wamp\www\yii1\framework\web\CWebApplication.php(328): SiteController->run()
#13 C:\wamp\www\yii1\framework\web\CWebApplication.php(121): CWebApplication->runController()
#14 C:\wamp\www\yii1\framework\base\CApplication.php(155): CWebApplication->processRequest()
#15 C:\wamp\www\myvote\index.php(13): CWebApplication->run()
REQUEST_URI=/myvote/index.php
in C:\wamp\www\myvote\protected\views\layouts\column1.php (18)
in C:\wamp\www\myvote\protected\controllers\SiteController.php (32)
in C:\wamp\www\myvote\index.php (13)
2015/06/14 05:28:41 [error] [php] include(TpXxMenu.php) [<a href='function.include'>function.include</a>]: failed to open stream: No such file or directory (C:\wamp\www\yii1\framework\YiiBase.php:396)
Stack trace:
#0 C:\wamp\www\yii1\framework\web\CWidgetFactory.php(147): import()
#1 C:\wamp\www\yii1\framework\web\CBaseController.php(139): CWidgetFactory->createWidget()
#2 C:\wamp\www\yii1\framework\web\CBaseController.php(165): SiteController->createWidget()
#3 C:\wamp\www\myvote\protected\views\layouts\column1.php(18): SiteController->widget()
#4 C:\wamp\www\yii1\framework\web\CBaseController.php(119): require()
#5 C:\wamp\www\yii1\framework\web\CBaseController.php(88): SiteController->renderInternal()
#6 C:\wamp\www\yii1\framework\web\CController.php(781): SiteController->renderFile()
#7 C:\wamp\www\myvote\protected\controllers\SiteController.php(32): SiteController->render()
#8 C:\wamp\www\yii1\framework\web\actions\CInlineAction.php(50): SiteController->actionIndex()
#9 C:\wamp\www\yii1\framework\web\CController.php(300): CInlineAction->runWithParams()
#10 C:\wamp\www\yii1\framework\web\CController.php(278): SiteController->runAction()
#11 C:\wamp\www\yii1\framework\web\CController.php(257): SiteController->runActionWithFilters()
#12 C:\wamp\www\yii1\framework\web\CWebApplication.php(328): SiteController->run()
#13 C:\wamp\www\yii1\framework\web\CWebApplication.php(121): CWebApplication->runController()
#14 C:\wamp\www\yii1\framework\base\CApplication.php(155): CWebApplication->processRequest()
#15 C:\wamp\www\myvote\index.php(13): CWebApplication->run()
REQUEST_URI=/myvote/index.php
in C:\wamp\www\myvote\protected\views\layouts\column1.php (18)
in C:\wamp\www\myvote\protected\controllers\SiteController.php (32)
in C:\wamp\www\myvote\index.php (13)
2015/06/14 05:30:30 [error] [php] include(TpXxMenu.php) [<a href='function.include'>function.include</a>]: failed to open stream: No such file or directory (C:\wamp\www\yii1\framework\YiiBase.php:396)
Stack trace:
#0 C:\wamp\www\yii1\framework\web\CWidgetFactory.php(147): import()
#1 C:\wamp\www\yii1\framework\web\CBaseController.php(139): CWidgetFactory->createWidget()
#2 C:\wamp\www\yii1\framework\web\CBaseController.php(165): SiteController->createWidget()
#3 C:\wamp\www\myvote\protected\views\layouts\column1.php(18): SiteController->widget()
#4 C:\wamp\www\yii1\framework\web\CBaseController.php(119): require()
#5 C:\wamp\www\yii1\framework\web\CBaseController.php(88): SiteController->renderInternal()
#6 C:\wamp\www\yii1\framework\web\CController.php(781): SiteController->renderFile()
#7 C:\wamp\www\myvote\protected\controllers\SiteController.php(32): SiteController->render()
#8 C:\wamp\www\yii1\framework\web\actions\CInlineAction.php(50): SiteController->actionIndex()
#9 C:\wamp\www\yii1\framework\web\CController.php(300): CInlineAction->runWithParams()
#10 C:\wamp\www\yii1\framework\web\CController.php(278): SiteController->runAction()
#11 C:\wamp\www\yii1\framework\web\CController.php(257): SiteController->runActionWithFilters()
#12 C:\wamp\www\yii1\framework\web\CWebApplication.php(328): SiteController->run()
#13 C:\wamp\www\yii1\framework\web\CWebApplication.php(121): CWebApplication->runController()
#14 C:\wamp\www\yii1\framework\base\CApplication.php(155): CWebApplication->processRequest()
#15 C:\wamp\www\myvote\index.php(13): CWebApplication->run()
REQUEST_URI=/myvote/index.php
in C:\wamp\www\myvote\protected\views\layouts\column1.php (18)
in C:\wamp\www\myvote\protected\controllers\SiteController.php (32)
in C:\wamp\www\myvote\index.php (13)
2015/06/14 05:32:03 [error] [exception.CException] exception 'CException' with message 'UserMenu cannot find the view "UserMenu".' in C:\wamp\www\yii1\framework\web\widgets\CWidget.php:242
Stack trace:
#0 C:\wamp\www\myvote\protected\components\UserMenu.php(14): CWidget->render('UserMenu')
#1 C:\wamp\www\yii1\framework\zii\widgets\CPortlet.php(95): UserMenu->renderContent()
#2 C:\wamp\www\yii1\framework\web\CBaseController.php(166): CPortlet->run()
#3 C:\wamp\www\myvote\protected\views\layouts\column1.php(18): CBaseController->widget('UserMenu', Array)
#4 C:\wamp\www\yii1\framework\web\CBaseController.php(119): require('C:\wamp\www\myv...')
#5 C:\wamp\www\yii1\framework\web\CBaseController.php(88): CBaseController->renderInternal('C:\wamp\www\myv...', Array, true)
#6 C:\wamp\www\yii1\framework\web\CController.php(781): CBaseController->renderFile('C:\wamp\www\myv...', Array, true)
#7 C:\wamp\www\myvote\protected\controllers\SiteController.php(32): CController->render('index')
#8 C:\wamp\www\yii1\framework\web\actions\CInlineAction.php(50): SiteController->actionIndex()
#9 C:\wamp\www\yii1\framework\web\CController.php(300): CInlineAction->runWithParams(Array)
#10 C:\wamp\www\yii1\framework\web\CController.php(278): CController->runAction(Object(CInlineAction))
#11 C:\wamp\www\yii1\framework\web\CController.php(257): CController->runActionWithFilters(Object(CInlineAction), Array)
#12 C:\wamp\www\yii1\framework\web\CWebApplication.php(328): CController->run('')
#13 C:\wamp\www\yii1\framework\web\CWebApplication.php(121): CWebApplication->runController('')
#14 C:\wamp\www\yii1\framework\base\CApplication.php(155): CWebApplication->processRequest()
#15 C:\wamp\www\myvote\index.php(13): CApplication->run()
#16 {main} REQUEST_URI=/myvote/index.php
2015/06/14 06:01:35 [error] [exception.CHttpException.400] exception 'CHttpException' with message 'Your request is invalid.' in C:\wamp\www\yii1\framework\web\CController.php:328
Stack trace:
#0 C:\wamp\www\yii1\framework\web\CController.php(301): CController->invalidActionParams(Object(CInlineAction))
#1 C:\wamp\www\yii1\framework\web\filters\CFilterChain.php(133): CController->runAction(Object(CInlineAction))
#2 C:\wamp\www\yii1\framework\web\filters\CFilter.php(41): CFilterChain->run()
#3 C:\wamp\www\yii1\framework\web\CController.php(1122): CFilter->filter(Object(CFilterChain))
#4 C:\wamp\www\yii1\framework\web\filters\CInlineFilter.php(59): CController->filterAccessControl(Object(CFilterChain))
#5 C:\wamp\www\yii1\framework\web\filters\CFilterChain.php(130): CInlineFilter->filter(Object(CFilterChain))
#6 C:\wamp\www\yii1\framework\web\CController.php(283): CFilterChain->run()
#7 C:\wamp\www\yii1\framework\web\CController.php(257): CController->runActionWithFilters(Object(CInlineAction), Array)
#8 C:\wamp\www\yii1\framework\web\CWebApplication.php(328): CController->run('update')
#9 C:\wamp\www\yii1\framework\web\CWebApplication.php(121): CWebApplication->runController('TpWt/update')
#10 C:\wamp\www\yii1\framework\base\CApplication.php(155): CWebApplication->processRequest()
#11 C:\wamp\www\myvote\index.php(13): CApplication->run()
#12 {main} REQUEST_URI=/myvote/index.php?r=TpWt/update
2015/06/14 06:01:47 [error] [exception.CHttpException.400] exception 'CHttpException' with message 'Your request is invalid.' in C:\wamp\www\yii1\framework\web\CController.php:328
Stack trace:
#0 C:\wamp\www\yii1\framework\web\CController.php(301): CController->invalidActionParams(Object(CInlineAction))
#1 C:\wamp\www\yii1\framework\web\filters\CFilterChain.php(133): CController->runAction(Object(CInlineAction))
#2 C:\wamp\www\yii1\framework\web\filters\CFilter.php(41): CFilterChain->run()
#3 C:\wamp\www\yii1\framework\web\CController.php(1122): CFilter->filter(Object(CFilterChain))
#4 C:\wamp\www\yii1\framework\web\filters\CInlineFilter.php(59): CController->filterAccessControl(Object(CFilterChain))
#5 C:\wamp\www\yii1\framework\web\filters\CFilterChain.php(130): CInlineFilter->filter(Object(CFilterChain))
#6 C:\wamp\www\yii1\framework\web\CController.php(283): CFilterChain->run()
#7 C:\wamp\www\yii1\framework\web\CController.php(257): CController->runActionWithFilters(Object(CInlineAction), Array)
#8 C:\wamp\www\yii1\framework\web\CWebApplication.php(328): CController->run('update')
#9 C:\wamp\www\yii1\framework\web\CWebApplication.php(121): CWebApplication->runController('TpWt/update')
#10 C:\wamp\www\yii1\framework\base\CApplication.php(155): CWebApplication->processRequest()
#11 C:\wamp\www\myvote\index.php(13): CApplication->run()
#12 {main} REQUEST_URI=/myvote/index.php?r=TpWt/update
2015/06/14 06:03:45 [error] [exception.CHttpException.404] exception 'CHttpException' with message 'Unable to resolve the request "Default/logout".' in C:\wamp\www\yii1\framework\web\CWebApplication.php:332
Stack trace:
#0 C:\wamp\www\yii1\framework\web\CWebApplication.php(121): CWebApplication->runController('Default/logout')
#1 C:\wamp\www\yii1\framework\base\CApplication.php(155): CWebApplication->processRequest()
#2 C:\wamp\www\myvote\index.php(13): CApplication->run()
#3 {main} REQUEST_URI=/myvote/index.php?r=Default/logout
2015/06/14 06:03:56 [error] [exception.CHttpException.404] exception 'CHttpException' with message 'The requested page does not exist.' in C:\wamp\www\myvote\protected\controllers\UserController.php:154
Stack trace:
#0 C:\wamp\www\myvote\protected\controllers\UserController.php(86): UserController->loadModel('')
#1 [internal function]: UserController->actionUpdate('')
#2 C:\wamp\www\yii1\framework\web\actions\CAction.php(104): ReflectionMethod->invokeArgs(Object(UserController), Array)
#3 C:\wamp\www\yii1\framework\web\actions\CInlineAction.php(48): CAction->runWithParamsInternal(Object(UserController), Object(ReflectionMethod), Array)
#4 C:\wamp\www\yii1\framework\web\CController.php(300): CInlineAction->runWithParams(Array)
#5 C:\wamp\www\yii1\framework\web\filters\CFilterChain.php(133): CController->runAction(Object(CInlineAction))
#6 C:\wamp\www\yii1\framework\web\filters\CFilter.php(41): CFilterChain->run()
#7 C:\wamp\www\yii1\framework\web\CController.php(1122): CFilter->filter(Object(CFilterChain))
#8 C:\wamp\www\yii1\framework\web\filters\CInlineFilter.php(59): CController->filterAccessControl(Object(CFilterChain))
#9 C:\wamp\www\yii1\framework\web\filters\CFilterChain.php(130): CInlineFilter->filter(Object(CFilterChain))
#10 C:\wamp\www\yii1\framework\web\CController.php(283): CFilterChain->run()
#11 C:\wamp\www\yii1\framework\web\CController.php(257): CController->runActionWithFilters(Object(CInlineAction), Array)
#12 C:\wamp\www\yii1\framework\web\CWebApplication.php(328): CController->run('update')
#13 C:\wamp\www\yii1\framework\web\CWebApplication.php(121): CWebApplication->runController('user/update')
#14 C:\wamp\www\yii1\framework\base\CApplication.php(155): CWebApplication->processRequest()
#15 C:\wamp\www\myvote\index.php(13): CApplication->run()
#16 {main} REQUEST_URI=/myvote/index.php?r=user/update&id=
2015/06/16 13:43:04 [error] [php] include(Memcache.php) [<a href='function.include'>function.include</a>]: failed to open stream: No such file or directory (C:\wamp\www\yii1\framework\YiiBase.php:396)
Stack trace:
#0 C:\wamp\www\yii1\framework\caching\CMemCache.php(111): spl_autoload_call()
#1 C:\wamp\www\yii1\framework\caching\CMemCache.php(88): CMemCache->getMemCache()
#2 C:\wamp\www\yii1\framework\base\CModule.php(372): CMemCache->init()
#3 C:\wamp\www\yii1\framework\base\CModule.php(86): CWebApplication->getComponent()
#4 C:\wamp\www\myvote\protected\views\layouts\main.php(52): CWebApplication->__get()
#5 C:\wamp\www\yii1\framework\web\CBaseController.php(119): require()
#6 C:\wamp\www\yii1\framework\web\CBaseController.php(88): SiteController->renderInternal()
#7 C:\wamp\www\yii1\framework\web\widgets\CContentDecorator.php(78): SiteController->renderFile()
#8 C:\wamp\www\yii1\framework\web\widgets\CContentDecorator.php(56): CContentDecorator->decorate()
#9 C:\wamp\www\yii1\framework\web\widgets\COutputProcessor.php(45): CContentDecorator->processOutput()
#10 C:\wamp\www\yii1\framework\web\CBaseController.php(199): CContentDecorator->run()
#11 C:\wamp\www\yii1\framework\web\CBaseController.php(294): SiteController->endWidget()
#12 C:\wamp\www\myvote\protected\views\layouts\column1.php(33): SiteController->endContent()
#13 C:\wamp\www\yii1\framework\web\CBaseController.php(119): require()
#14 C:\wamp\www\yii1\framework\web\CBaseController.php(88): SiteController->renderInternal()
#15 C:\wamp\www\yii1\framework\web\CController.php(781): SiteController->renderFile()
#16 C:\wamp\www\myvote\protected\controllers\SiteController.php(32): SiteController->render()
#17 C:\wamp\www\yii1\framework\web\actions\CInlineAction.php(50): SiteController->actionIndex()
#18 C:\wamp\www\yii1\framework\web\CController.php(300): CInlineAction->runWithParams()
#19 C:\wamp\www\yii1\framework\web\CController.php(278): SiteController->runAction()
#20 C:\wamp\www\yii1\framework\web\CController.php(257): SiteController->runActionWithFilters()
#21 C:\wamp\www\yii1\framework\web\CWebApplication.php(328): SiteController->run()
#22 C:\wamp\www\yii1\framework\web\CWebApplication.php(121): CWebApplication->runController()
#23 C:\wamp\www\yii1\framework\base\CApplication.php(155): CWebApplication->processRequest()
#24 C:\wamp\www\myvote\index.php(13): CWebApplication->run()
REQUEST_URI=/myvote/index.php
in C:\wamp\www\myvote\protected\views\layouts\main.php (52)
in C:\wamp\www\myvote\protected\views\layouts\column1.php (33)
in C:\wamp\www\myvote\protected\controllers\SiteController.php (32)
2015/06/16 14:34:49 [error] [php] include(Memcache.php) [<a href='function.include'>function.include</a>]: failed to open stream: No such file or directory (C:\wamp\www\yii1\framework\YiiBase.php:396)
Stack trace:
#0 C:\wamp\www\yii1\framework\caching\CMemCache.php(111): spl_autoload_call()
#1 C:\wamp\www\yii1\framework\caching\CMemCache.php(88): CMemCache->getMemCache()
#2 C:\wamp\www\yii1\framework\base\CModule.php(372): CMemCache->init()
#3 C:\wamp\www\yii1\framework\base\CModule.php(86): CWebApplication->getComponent()
#4 C:\wamp\www\myvote\protected\views\layouts\main.php(52): CWebApplication->__get()
#5 C:\wamp\www\yii1\framework\web\CBaseController.php(119): require()
#6 C:\wamp\www\yii1\framework\web\CBaseController.php(88): SiteController->renderInternal()
#7 C:\wamp\www\yii1\framework\web\widgets\CContentDecorator.php(78): SiteController->renderFile()
#8 C:\wamp\www\yii1\framework\web\widgets\CContentDecorator.php(56): CContentDecorator->decorate()
#9 C:\wamp\www\yii1\framework\web\widgets\COutputProcessor.php(45): CContentDecorator->processOutput()
#10 C:\wamp\www\yii1\framework\web\CBaseController.php(199): CContentDecorator->run()
#11 C:\wamp\www\yii1\framework\web\CBaseController.php(294): SiteController->endWidget()
#12 C:\wamp\www\myvote\protected\views\layouts\column1.php(33): SiteController->endContent()
#13 C:\wamp\www\yii1\framework\web\CBaseController.php(119): require()
#14 C:\wamp\www\yii1\framework\web\CBaseController.php(88): SiteController->renderInternal()
#15 C:\wamp\www\yii1\framework\web\CController.php(781): SiteController->renderFile()
#16 C:\wamp\www\myvote\protected\controllers\SiteController.php(32): SiteController->render()
#17 C:\wamp\www\yii1\framework\web\actions\CInlineAction.php(50): SiteController->actionIndex()
#18 C:\wamp\www\yii1\framework\web\CController.php(300): CInlineAction->runWithParams()
#19 C:\wamp\www\yii1\framework\web\CController.php(278): SiteController->runAction()
#20 C:\wamp\www\yii1\framework\web\CController.php(257): SiteController->runActionWithFilters()
#21 C:\wamp\www\yii1\framework\web\CWebApplication.php(328): SiteController->run()
#22 C:\wamp\www\yii1\framework\web\CWebApplication.php(121): CWebApplication->runController()
#23 C:\wamp\www\yii1\framework\base\CApplication.php(155): CWebApplication->processRequest()
#24 C:\wamp\www\myvote\index.php(13): CWebApplication->run()
REQUEST_URI=/myvote/index.php
in C:\wamp\www\myvote\protected\views\layouts\main.php (52)
in C:\wamp\www\myvote\protected\views\layouts\column1.php (33)
in C:\wamp\www\myvote\protected\controllers\SiteController.php (32)
2015/07/17 00:43:26 [error] [exception.CDbException] exception 'CDbException' with message 'CDbConnection failed to open the DB connection: SQLSTATE[28000] [1045] Access denied for user 'root'@'localhost' (using password: NO)' in D:\nginx\html\yii1\framework\db\CDbConnection.php:348
Stack trace:
#0 D:\nginx\html\yii1\framework\db\CDbConnection.php(297): CDbConnection->open()
#1 D:\nginx\html\yii1\framework\db\CDbConnection.php(275): CDbConnection->setActive(true)
#2 D:\nginx\html\yii1\framework\base\CModule.php(372): CDbConnection->init()
#3 D:\nginx\html\yii1\framework\base\CApplication.php(426): CModule->getComponent('db')
#4 D:\nginx\html\yii1\framework\db\ar\CActiveRecord.php(607): CApplication->getDb()
#5 D:\nginx\html\yii1\framework\db\ar\CActiveRecord.php(2236): CActiveRecord->getDbConnection()
#6 D:\nginx\html\yii1\framework\db\ar\CActiveRecord.php(371): CActiveRecordMetaData->__construct(Object(User))
#7 D:\nginx\html\myvote\protected\models\User.php(128): CActiveRecord::model('User')
#8 D:\nginx\html\myvote\protected\components\UserIdentity.php(25): User::model()
#9 D:\nginx\html\myvote\protected\models\LoginForm.php(53): UserIdentity->authenticate()
#10 D:\nginx\html\yii1\framework\validators\CInlineValidator.php(39): LoginForm->authenticate('password', Array)
#11 D:\nginx\html\yii1\framework\validators\CValidator.php(192): CInlineValidator->validateAttribute(Object(LoginForm), 'password')
#12 D:\nginx\html\yii1\framework\base\CModel.php(152): CValidator->validate(Object(LoginForm), NULL)
#13 D:\nginx\html\myvote\protected\controllers\SiteController.php(94): CModel->validate()
#14 D:\nginx\html\yii1\framework\web\actions\CInlineAction.php(50): SiteController->actionLogin()
#15 D:\nginx\html\yii1\framework\web\CController.php(300): CInlineAction->runWithParams(Array)
#16 D:\nginx\html\yii1\framework\web\CController.php(278): CController->runAction(Object(CInlineAction))
#17 D:\nginx\html\yii1\framework\web\CController.php(257): CController->runActionWithFilters(Object(CInlineAction), Array)
#18 D:\nginx\html\yii1\framework\web\CWebApplication.php(328): CController->run('login')
#19 D:\nginx\html\yii1\framework\web\CWebApplication.php(121): CWebApplication->runController('site/login')
#20 D:\nginx\html\yii1\framework\base\CApplication.php(155): CWebApplication->processRequest()
#21 D:\nginx\html\myvote\index.php(13): CApplication->run()
#22 {main} REQUEST_URI=/myvote/index.php?r=site/login
2015/07/17 00:44:13 [error] [exception.CDbException] exception 'CDbException' with message 'CDbConnection failed to open the DB connection: SQLSTATE[28000] [1045] Access denied for user 'root'@'localhost' (using password: NO)' in D:\nginx\html\yii1\framework\db\CDbConnection.php:348
Stack trace:
#0 D:\nginx\html\yii1\framework\db\CDbConnection.php(297): CDbConnection->open()
#1 D:\nginx\html\yii1\framework\db\CDbConnection.php(275): CDbConnection->setActive(true)
#2 D:\nginx\html\yii1\framework\base\CModule.php(372): CDbConnection->init()
#3 D:\nginx\html\yii1\framework\base\CApplication.php(426): CModule->getComponent('db')
#4 D:\nginx\html\yii1\framework\db\ar\CActiveRecord.php(607): CApplication->getDb()
#5 D:\nginx\html\yii1\framework\db\ar\CActiveRecord.php(2236): CActiveRecord->getDbConnection()
#6 D:\nginx\html\yii1\framework\db\ar\CActiveRecord.php(371): CActiveRecordMetaData->__construct(Object(User))
#7 D:\nginx\html\myvote\protected\models\User.php(128): CActiveRecord::model('User')
#8 D:\nginx\html\myvote\protected\components\UserIdentity.php(25): User::model()
#9 D:\nginx\html\myvote\protected\models\LoginForm.php(53): UserIdentity->authenticate()
#10 D:\nginx\html\yii1\framework\validators\CInlineValidator.php(39): LoginForm->authenticate('password', Array)
#11 D:\nginx\html\yii1\framework\validators\CValidator.php(192): CInlineValidator->validateAttribute(Object(LoginForm), 'password')
#12 D:\nginx\html\yii1\framework\base\CModel.php(152): CValidator->validate(Object(LoginForm), NULL)
#13 D:\nginx\html\myvote\protected\controllers\SiteController.php(94): CModel->validate()
#14 D:\nginx\html\yii1\framework\web\actions\CInlineAction.php(50): SiteController->actionLogin()
#15 D:\nginx\html\yii1\framework\web\CController.php(300): CInlineAction->runWithParams(Array)
#16 D:\nginx\html\yii1\framework\web\CController.php(278): CController->runAction(Object(CInlineAction))
#17 D:\nginx\html\yii1\framework\web\CController.php(257): CController->runActionWithFilters(Object(CInlineAction), Array)
#18 D:\nginx\html\yii1\framework\web\CWebApplication.php(328): CController->run('login')
#19 D:\nginx\html\yii1\framework\web\CWebApplication.php(121): CWebApplication->runController('site/login')
#20 D:\nginx\html\yii1\framework\base\CApplication.php(155): CWebApplication->processRequest()
#21 D:\nginx\html\myvote\index.php(13): CApplication->run()
#22 {main} REQUEST_URI=/myvote/index.php?r=site/login
2015/07/17 00:44:47 [error] [exception.CDbException] exception 'CDbException' with message 'CDbConnection failed to open the DB connection: SQLSTATE[28000] [1045] Access denied for user 'root'@'localhost' (using password: NO)' in D:\nginx\html\yii1\framework\db\CDbConnection.php:348
Stack trace:
#0 D:\nginx\html\yii1\framework\db\CDbConnection.php(297): CDbConnection->open()
#1 D:\nginx\html\yii1\framework\db\CDbConnection.php(275): CDbConnection->setActive(true)
#2 D:\nginx\html\yii1\framework\base\CModule.php(372): CDbConnection->init()
#3 D:\nginx\html\yii1\framework\base\CApplication.php(426): CModule->getComponent('db')
#4 D:\nginx\html\yii1\framework\db\ar\CActiveRecord.php(607): CApplication->getDb()
#5 D:\nginx\html\yii1\framework\db\ar\CActiveRecord.php(2236): CActiveRecord->getDbConnection()
#6 D:\nginx\html\yii1\framework\db\ar\CActiveRecord.php(371): CActiveRecordMetaData->__construct(Object(User))
#7 D:\nginx\html\myvote\protected\models\User.php(128): CActiveRecord::model('User')
#8 D:\nginx\html\myvote\protected\components\UserIdentity.php(25): User::model()
#9 D:\nginx\html\myvote\protected\models\LoginForm.php(53): UserIdentity->authenticate()
#10 D:\nginx\html\yii1\framework\validators\CInlineValidator.php(39): LoginForm->authenticate('password', Array)
#11 D:\nginx\html\yii1\framework\validators\CValidator.php(192): CInlineValidator->validateAttribute(Object(LoginForm), 'password')
#12 D:\nginx\html\yii1\framework\base\CModel.php(152): CValidator->validate(Object(LoginForm), NULL)
#13 D:\nginx\html\myvote\protected\controllers\SiteController.php(94): CModel->validate()
#14 D:\nginx\html\yii1\framework\web\actions\CInlineAction.php(50): SiteController->actionLogin()
#15 D:\nginx\html\yii1\framework\web\CController.php(300): CInlineAction->runWithParams(Array)
#16 D:\nginx\html\yii1\framework\web\CController.php(278): CController->runAction(Object(CInlineAction))
#17 D:\nginx\html\yii1\framework\web\CController.php(257): CController->runActionWithFilters(Object(CInlineAction), Array)
#18 D:\nginx\html\yii1\framework\web\CWebApplication.php(328): CController->run('login')
#19 D:\nginx\html\yii1\framework\web\CWebApplication.php(121): CWebApplication->runController('site/login')
#20 D:\nginx\html\yii1\framework\base\CApplication.php(155): CWebApplication->processRequest()
#21 D:\nginx\html\myvote\index.php(13): CApplication->run()
#22 {main} REQUEST_URI=/myvote/index.php?r=site/login
2015/07/17 01:49:40 [error] [exception.CDbException] exception 'CDbException' with message 'CDbConnection failed to open the DB connection: SQLSTATE[28000] [1045] Access denied for user 'root'@'localhost' (using password: NO)' in D:\nginx\html\yii1\framework\db\CDbConnection.php:348
Stack trace:
#0 D:\nginx\html\yii1\framework\db\CDbConnection.php(297): CDbConnection->open()
#1 D:\nginx\html\yii1\framework\db\CDbConnection.php(275): CDbConnection->setActive(true)
#2 D:\nginx\html\yii1\framework\base\CModule.php(372): CDbConnection->init()
#3 D:\nginx\html\yii1\framework\base\CApplication.php(426): CModule->getComponent('db')
#4 D:\nginx\html\yii1\framework\db\ar\CActiveRecord.php(607): CApplication->getDb()
#5 D:\nginx\html\yii1\framework\db\ar\CActiveRecord.php(2236): CActiveRecord->getDbConnection()
#6 D:\nginx\html\yii1\framework\db\ar\CActiveRecord.php(371): CActiveRecordMetaData->__construct(Object(User))
#7 D:\nginx\html\myvote\protected\models\User.php(128): CActiveRecord::model('User')
#8 D:\nginx\html\myvote\protected\components\UserIdentity.php(25): User::model()
#9 D:\nginx\html\myvote\protected\models\LoginForm.php(53): UserIdentity->authenticate()
#10 D:\nginx\html\yii1\framework\validators\CInlineValidator.php(39): LoginForm->authenticate('password', Array)
#11 D:\nginx\html\yii1\framework\validators\CValidator.php(192): CInlineValidator->validateAttribute(Object(LoginForm), 'password')
#12 D:\nginx\html\yii1\framework\base\CModel.php(152): CValidator->validate(Object(LoginForm), NULL)
#13 D:\nginx\html\myvote\protected\controllers\SiteController.php(94): CModel->validate()
#14 D:\nginx\html\yii1\framework\web\actions\CInlineAction.php(50): SiteController->actionLogin()
#15 D:\nginx\html\yii1\framework\web\CController.php(300): CInlineAction->runWithParams(Array)
#16 D:\nginx\html\yii1\framework\web\CController.php(278): CController->runAction(Object(CInlineAction))
#17 D:\nginx\html\yii1\framework\web\CController.php(257): CController->runActionWithFilters(Object(CInlineAction), Array)
#18 D:\nginx\html\yii1\framework\web\CWebApplication.php(328): CController->run('login')
#19 D:\nginx\html\yii1\framework\web\CWebApplication.php(121): CWebApplication->runController('site/login')
#20 D:\nginx\html\yii1\framework\base\CApplication.php(155): CWebApplication->processRequest()
#21 D:\nginx\html\myvote\index.php(13): CApplication->run()
#22 {main} REQUEST_URI=/myvote/index.php?r=site/login
2015/07/17 01:49:53 [error] [exception.CDbException] exception 'CDbException' with message 'CDbConnection failed to open the DB connection: SQLSTATE[28000] [1045] Access denied for user 'root'@'localhost' (using password: NO)' in D:\nginx\html\yii1\framework\db\CDbConnection.php:348
Stack trace:
#0 D:\nginx\html\yii1\framework\db\CDbConnection.php(297): CDbConnection->open()
#1 D:\nginx\html\yii1\framework\db\CDbConnection.php(275): CDbConnection->setActive(true)
#2 D:\nginx\html\yii1\framework\base\CModule.php(372): CDbConnection->init()
#3 D:\nginx\html\yii1\framework\base\CApplication.php(426): CModule->getComponent('db')
#4 D:\nginx\html\yii1\framework\db\ar\CActiveRecord.php(607): CApplication->getDb()
#5 D:\nginx\html\yii1\framework\db\ar\CActiveRecord.php(2236): CActiveRecord->getDbConnection()
#6 D:\nginx\html\yii1\framework\db\ar\CActiveRecord.php(371): CActiveRecordMetaData->__construct(Object(User))
#7 D:\nginx\html\myvote\protected\models\User.php(128): CActiveRecord::model('User')
#8 D:\nginx\html\myvote\protected\components\UserIdentity.php(25): User::model()
#9 D:\nginx\html\myvote\protected\models\LoginForm.php(53): UserIdentity->authenticate()
#10 D:\nginx\html\yii1\framework\validators\CInlineValidator.php(39): LoginForm->authenticate('password', Array)
#11 D:\nginx\html\yii1\framework\validators\CValidator.php(192): CInlineValidator->validateAttribute(Object(LoginForm), 'password')
#12 D:\nginx\html\yii1\framework\base\CModel.php(152): CValidator->validate(Object(LoginForm), NULL)
#13 D:\nginx\html\myvote\protected\controllers\SiteController.php(94): CModel->validate()
#14 D:\nginx\html\yii1\framework\web\actions\CInlineAction.php(50): SiteController->actionLogin()
#15 D:\nginx\html\yii1\framework\web\CController.php(300): CInlineAction->runWithParams(Array)
#16 D:\nginx\html\yii1\framework\web\CController.php(278): CController->runAction(Object(CInlineAction))
#17 D:\nginx\html\yii1\framework\web\CController.php(257): CController->runActionWithFilters(Object(CInlineAction), Array)
#18 D:\nginx\html\yii1\framework\web\CWebApplication.php(328): CController->run('login')
#19 D:\nginx\html\yii1\framework\web\CWebApplication.php(121): CWebApplication->runController('site/login')
#20 D:\nginx\html\yii1\framework\base\CApplication.php(155): CWebApplication->processRequest()
#21 D:\nginx\html\myvote\index.php(13): CApplication->run()
#22 {main} REQUEST_URI=/myvote/index.php?r=site/login
2015/07/17 01:50:04 [error] [exception.CDbException] exception 'CDbException' with message 'CDbConnection failed to open the DB connection: SQLSTATE[28000] [1045] Access denied for user 'root'@'localhost' (using password: NO)' in D:\nginx\html\yii1\framework\db\CDbConnection.php:348
Stack trace:
#0 D:\nginx\html\yii1\framework\db\CDbConnection.php(297): CDbConnection->open()
#1 D:\nginx\html\yii1\framework\db\CDbConnection.php(275): CDbConnection->setActive(true)
#2 D:\nginx\html\yii1\framework\base\CModule.php(372): CDbConnection->init()
#3 D:\nginx\html\yii1\framework\base\CApplication.php(426): CModule->getComponent('db')
#4 D:\nginx\html\yii1\framework\db\ar\CActiveRecord.php(607): CApplication->getDb()
#5 D:\nginx\html\yii1\framework\db\ar\CActiveRecord.php(2236): CActiveRecord->getDbConnection()
#6 D:\nginx\html\yii1\framework\db\ar\CActiveRecord.php(371): CActiveRecordMetaData->__construct(Object(User))
#7 D:\nginx\html\myvote\protected\models\User.php(128): CActiveRecord::model('User')
#8 D:\nginx\html\myvote\protected\components\UserIdentity.php(25): User::model()
#9 D:\nginx\html\myvote\protected\models\LoginForm.php(53): UserIdentity->authenticate()
#10 D:\nginx\html\yii1\framework\validators\CInlineValidator.php(39): LoginForm->authenticate('password', Array)
#11 D:\nginx\html\yii1\framework\validators\CValidator.php(192): CInlineValidator->validateAttribute(Object(LoginForm), 'password')
#12 D:\nginx\html\yii1\framework\base\CModel.php(152): CValidator->validate(Object(LoginForm), NULL)
#13 D:\nginx\html\myvote\protected\controllers\SiteController.php(94): CModel->validate()
#14 D:\nginx\html\yii1\framework\web\actions\CInlineAction.php(50): SiteController->actionLogin()
#15 D:\nginx\html\yii1\framework\web\CController.php(300): CInlineAction->runWithParams(Array)
#16 D:\nginx\html\yii1\framework\web\CController.php(278): CController->runAction(Object(CInlineAction))
#17 D:\nginx\html\yii1\framework\web\CController.php(257): CController->runActionWithFilters(Object(CInlineAction), Array)
#18 D:\nginx\html\yii1\framework\web\CWebApplication.php(328): CController->run('login')
#19 D:\nginx\html\yii1\framework\web\CWebApplication.php(121): CWebApplication->runController('site/login')
#20 D:\nginx\html\yii1\framework\base\CApplication.php(155): CWebApplication->processRequest()
#21 D:\nginx\html\myvote\index.php(13): CApplication->run()
#22 {main} REQUEST_URI=/myvote/index.php?r=site/login
2015/07/17 01:57:31 [error] [exception.CDbException] exception 'CDbException' with message 'CDbConnection failed to open the DB connection: SQLSTATE[28000] [1045] Access denied for user 'root'@'localhost' (using password: NO)' in D:\nginx\html\yii1\framework\db\CDbConnection.php:348
Stack trace:
#0 D:\nginx\html\yii1\framework\db\CDbConnection.php(297): CDbConnection->open()
#1 D:\nginx\html\yii1\framework\db\CDbConnection.php(275): CDbConnection->setActive(true)
#2 D:\nginx\html\yii1\framework\base\CModule.php(372): CDbConnection->init()
#3 D:\nginx\html\yii1\framework\base\CApplication.php(426): CModule->getComponent('db')
#4 D:\nginx\html\yii1\framework\db\ar\CActiveRecord.php(607): CApplication->getDb()
#5 D:\nginx\html\yii1\framework\db\ar\CActiveRecord.php(2236): CActiveRecord->getDbConnection()
#6 D:\nginx\html\yii1\framework\db\ar\CActiveRecord.php(371): CActiveRecordMetaData->__construct(Object(User))
#7 D:\nginx\html\myvote\protected\models\User.php(128): CActiveRecord::model('User')
#8 D:\nginx\html\myvote\protected\components\UserIdentity.php(25): User::model()
#9 D:\nginx\html\myvote\protected\models\LoginForm.php(53): UserIdentity->authenticate()
#10 D:\nginx\html\yii1\framework\validators\CInlineValidator.php(39): LoginForm->authenticate('password', Array)
#11 D:\nginx\html\yii1\framework\validators\CValidator.php(192): CInlineValidator->validateAttribute(Object(LoginForm), 'password')
#12 D:\nginx\html\yii1\framework\base\CModel.php(152): CValidator->validate(Object(LoginForm), NULL)
#13 D:\nginx\html\myvote\protected\controllers\SiteController.php(94): CModel->validate()
#14 D:\nginx\html\yii1\framework\web\actions\CInlineAction.php(50): SiteController->actionLogin()
#15 D:\nginx\html\yii1\framework\web\CController.php(300): CInlineAction->runWithParams(Array)
#16 D:\nginx\html\yii1\framework\web\CController.php(278): CController->runAction(Object(CInlineAction))
#17 D:\nginx\html\yii1\framework\web\CController.php(257): CController->runActionWithFilters(Object(CInlineAction), Array)
#18 D:\nginx\html\yii1\framework\web\CWebApplication.php(328): CController->run('login')
#19 D:\nginx\html\yii1\framework\web\CWebApplication.php(121): CWebApplication->runController('site/login')
#20 D:\nginx\html\yii1\framework\base\CApplication.php(155): CWebApplication->processRequest()
#21 D:\nginx\html\myvote\index.php(13): CApplication->run()
#22 {main} REQUEST_URI=/myvote/index.php?r=site/login
2015/07/17 02:37:55 [error] [exception.CDbException] exception 'CDbException' with message 'CDbConnection failed to open the DB connection: SQLSTATE[28000] [1045] Access denied for user 'root'@'localhost' (using password: NO)' in D:\nginx\html\yii1\framework\db\CDbConnection.php:348
Stack trace:
#0 D:\nginx\html\yii1\framework\db\CDbConnection.php(297): CDbConnection->open()
#1 D:\nginx\html\yii1\framework\db\CDbConnection.php(275): CDbConnection->setActive(true)
#2 D:\nginx\html\yii1\framework\base\CModule.php(372): CDbConnection->init()
#3 D:\nginx\html\yii1\framework\base\CApplication.php(426): CModule->getComponent('db')
#4 D:\nginx\html\yii1\framework\db\ar\CActiveRecord.php(607): CApplication->getDb()
#5 D:\nginx\html\yii1\framework\db\ar\CActiveRecord.php(2236): CActiveRecord->getDbConnection()
#6 D:\nginx\html\yii1\framework\db\ar\CActiveRecord.php(371): CActiveRecordMetaData->__construct(Object(User))
#7 D:\nginx\html\myvote\protected\models\User.php(128): CActiveRecord::model('User')
#8 D:\nginx\html\myvote\protected\components\UserIdentity.php(25): User::model()
#9 D:\nginx\html\myvote\protected\models\LoginForm.php(53): UserIdentity->authenticate()
#10 D:\nginx\html\yii1\framework\validators\CInlineValidator.php(39): LoginForm->authenticate('password', Array)
#11 D:\nginx\html\yii1\framework\validators\CValidator.php(192): CInlineValidator->validateAttribute(Object(LoginForm), 'password')
#12 D:\nginx\html\yii1\framework\base\CModel.php(152): CValidator->validate(Object(LoginForm), NULL)
#13 D:\nginx\html\myvote\protected\controllers\SiteController.php(94): CModel->validate()
#14 D:\nginx\html\yii1\framework\web\actions\CInlineAction.php(50): SiteController->actionLogin()
#15 D:\nginx\html\yii1\framework\web\CController.php(300): CInlineAction->runWithParams(Array)
#16 D:\nginx\html\yii1\framework\web\CController.php(278): CController->runAction(Object(CInlineAction))
#17 D:\nginx\html\yii1\framework\web\CController.php(257): CController->runActionWithFilters(Object(CInlineAction), Array)
#18 D:\nginx\html\yii1\framework\web\CWebApplication.php(328): CController->run('login')
#19 D:\nginx\html\yii1\framework\web\CWebApplication.php(121): CWebApplication->runController('site/login')
#20 D:\nginx\html\yii1\framework\base\CApplication.php(155): CWebApplication->processRequest()
#21 D:\nginx\html\myvote\index.php(13): CApplication->run()
#22 {main} REQUEST_URI=/myvote/index.php?r=site/login
2015/07/17 02:44:07 [error] [exception.CHttpException.404] exception 'CHttpException' with message 'The requested page does not exist.' in D:\nginx\html\myvote\protected\controllers\UserController.php:154
Stack trace:
#0 D:\nginx\html\myvote\protected\controllers\UserController.php(86): UserController->loadModel('')
#1 [internal function]: UserController->actionUpdate('')
#2 D:\nginx\html\yii1\framework\web\actions\CAction.php(104): ReflectionMethod->invokeArgs(Object(UserController), Array)
#3 D:\nginx\html\yii1\framework\web\actions\CInlineAction.php(48): CAction->runWithParamsInternal(Object(UserController), Object(ReflectionMethod), Array)
#4 D:\nginx\html\yii1\framework\web\CController.php(300): CInlineAction->runWithParams(Array)
#5 D:\nginx\html\yii1\framework\web\filters\CFilterChain.php(133): CController->runAction(Object(CInlineAction))
#6 D:\nginx\html\yii1\framework\web\filters\CFilter.php(41): CFilterChain->run()
#7 D:\nginx\html\yii1\framework\web\CController.php(1122): CFilter->filter(Object(CFilterChain))
#8 D:\nginx\html\yii1\framework\web\filters\CInlineFilter.php(59): CController->filterAccessControl(Object(CFilterChain))
#9 D:\nginx\html\yii1\framework\web\filters\CFilterChain.php(130): CInlineFilter->filter(Object(CFilterChain))
#10 D:\nginx\html\yii1\framework\web\CController.php(283): CFilterChain->run()
#11 D:\nginx\html\yii1\framework\web\CController.php(257): CController->runActionWithFilters(Object(CInlineAction), Array)
#12 D:\nginx\html\yii1\framework\web\CWebApplication.php(328): CController->run('update')
#13 D:\nginx\html\yii1\framework\web\CWebApplication.php(121): CWebApplication->runController('user/update')
#14 D:\nginx\html\yii1\framework\base\CApplication.php(155): CWebApplication->processRequest()
#15 D:\nginx\html\myvote\index.php(13): CApplication->run()
#16 {main} REQUEST_URI=/myvote/index.php?r=user/update&id=
2015/07/17 02:44:09 [error] [exception.CHttpException.404] exception 'CHttpException' with message 'The requested page does not exist.' in D:\nginx\html\myvote\protected\controllers\UserController.php:154
Stack trace:
#0 D:\nginx\html\myvote\protected\controllers\UserController.php(86): UserController->loadModel('')
#1 [internal function]: UserController->actionUpdate('')
#2 D:\nginx\html\yii1\framework\web\actions\CAction.php(104): ReflectionMethod->invokeArgs(Object(UserController), Array)
#3 D:\nginx\html\yii1\framework\web\actions\CInlineAction.php(48): CAction->runWithParamsInternal(Object(UserController), Object(ReflectionMethod), Array)
#4 D:\nginx\html\yii1\framework\web\CController.php(300): CInlineAction->runWithParams(Array)
#5 D:\nginx\html\yii1\framework\web\filters\CFilterChain.php(133): CController->runAction(Object(CInlineAction))
#6 D:\nginx\html\yii1\framework\web\filters\CFilter.php(41): CFilterChain->run()
#7 D:\nginx\html\yii1\framework\web\CController.php(1122): CFilter->filter(Object(CFilterChain))
#8 D:\nginx\html\yii1\framework\web\filters\CInlineFilter.php(59): CController->filterAccessControl(Object(CFilterChain))
#9 D:\nginx\html\yii1\framework\web\filters\CFilterChain.php(130): CInlineFilter->filter(Object(CFilterChain))
#10 D:\nginx\html\yii1\framework\web\CController.php(283): CFilterChain->run()
#11 D:\nginx\html\yii1\framework\web\CController.php(257): CController->runActionWithFilters(Object(CInlineAction), Array)
#12 D:\nginx\html\yii1\framework\web\CWebApplication.php(328): CController->run('update')
#13 D:\nginx\html\yii1\framework\web\CWebApplication.php(121): CWebApplication->runController('user/update')
#14 D:\nginx\html\yii1\framework\base\CApplication.php(155): CWebApplication->processRequest()
#15 D:\nginx\html\myvote\index.php(13): CApplication->run()
#16 {main} REQUEST_URI=/myvote/index.php?r=user/update&id=
2015/07/17 03:54:01 [error] [exception.CHttpException.404] exception 'CHttpException' with message 'Unable to resolve the request "Default/logout".' in D:\nginx\html\yii1\framework\web\CWebApplication.php:332
Stack trace:
#0 D:\nginx\html\yii1\framework\web\CWebApplication.php(121): CWebApplication->runController('Default/logout')
#1 D:\nginx\html\yii1\framework\base\CApplication.php(155): CWebApplication->processRequest()
#2 D:\nginx\html\myvote\index.php(13): CApplication->run()
#3 {main} REQUEST_URI=/myvote/index.php?r=Default/logout
2015/07/17 03:54:04 [error] [exception.CHttpException.404] exception 'CHttpException' with message 'Unable to resolve the request "Default/logout".' in D:\nginx\html\yii1\framework\web\CWebApplication.php:332
Stack trace:
#0 D:\nginx\html\yii1\framework\web\CWebApplication.php(121): CWebApplication->runController('Default/logout')
#1 D:\nginx\html\yii1\framework\base\CApplication.php(155): CWebApplication->processRequest()
#2 D:\nginx\html\myvote\index.php(13): CApplication->run()
#3 {main} REQUEST_URI=/myvote/index.php?r=Default/logout
2015/07/17 05:34:21 [error] [exception.CHttpException.404] exception 'CHttpException' with message 'Unable to resolve the request "Default/logout".' in D:\nginx\html\yii1\framework\web\CWebApplication.php:332
Stack trace:
#0 D:\nginx\html\yii1\framework\web\CWebApplication.php(121): CWebApplication->runController('Default/logout')
#1 D:\nginx\html\yii1\framework\base\CApplication.php(155): CWebApplication->processRequest()
#2 D:\nginx\html\myvote\index.php(13): CApplication->run()
#3 {main} REQUEST_URI=/myvote/index.php?r=Default/logout
2015/07/17 05:47:48 [error] [exception.CHttpException.404] exception 'CHttpException' with message 'Unable to resolve the request "Default/logout".' in D:\nginx\html\yii1\framework\web\CWebApplication.php:332
Stack trace:
#0 D:\nginx\html\yii1\framework\web\CWebApplication.php(121): CWebApplication->runController('Default/logout')
#1 D:\nginx\html\yii1\framework\base\CApplication.php(155): CWebApplication->processRequest()
#2 D:\nginx\html\myvote\index.php(13): CApplication->run()
#3 {main} REQUEST_URI=/myvote/index.php?r=Default/logout
2015/07/17 06:35:08 [error] [exception.CHttpException.404] exception 'CHttpException' with message 'The requested page does not exist.' in D:\nginx\html\myvote\protected\controllers\UserController.php:154
Stack trace:
#0 D:\nginx\html\myvote\protected\controllers\UserController.php(86): UserController->loadModel('')
#1 [internal function]: UserController->actionUpdate('')
#2 D:\nginx\html\yii1\framework\web\actions\CAction.php(104): ReflectionMethod->invokeArgs(Object(UserController), Array)
#3 D:\nginx\html\yii1\framework\web\actions\CInlineAction.php(48): CAction->runWithParamsInternal(Object(UserController), Object(ReflectionMethod), Array)
#4 D:\nginx\html\yii1\framework\web\CController.php(300): CInlineAction->runWithParams(Array)
#5 D:\nginx\html\yii1\framework\web\filters\CFilterChain.php(133): CController->runAction(Object(CInlineAction))
#6 D:\nginx\html\yii1\framework\web\filters\CFilter.php(41): CFilterChain->run()
#7 D:\nginx\html\yii1\framework\web\CController.php(1122): CFilter->filter(Object(CFilterChain))
#8 D:\nginx\html\yii1\framework\web\filters\CInlineFilter.php(59): CController->filterAccessControl(Object(CFilterChain))
#9 D:\nginx\html\yii1\framework\web\filters\CFilterChain.php(130): CInlineFilter->filter(Object(CFilterChain))
#10 D:\nginx\html\yii1\framework\web\CController.php(283): CFilterChain->run()
#11 D:\nginx\html\yii1\framework\web\CController.php(257): CController->runActionWithFilters(Object(CInlineAction), Array)
#12 D:\nginx\html\yii1\framework\web\CWebApplication.php(328): CController->run('update')
#13 D:\nginx\html\yii1\framework\web\CWebApplication.php(121): CWebApplication->runController('user/update')
#14 D:\nginx\html\yii1\framework\base\CApplication.php(155): CWebApplication->processRequest()
#15 D:\nginx\html\myvote\index.php(13): CApplication->run()
#16 {main} REQUEST_URI=/myvote/index.php?r=user/update&id=
2015/07/17 06:38:06 [error] [exception.CHttpException.404] exception 'CHttpException' with message 'Unable to resolve the request "Default/logout".' in D:\nginx\html\yii1\framework\web\CWebApplication.php:332
Stack trace:
#0 D:\nginx\html\yii1\framework\web\CWebApplication.php(121): CWebApplication->runController('Default/logout')
#1 D:\nginx\html\yii1\framework\base\CApplication.php(155): CWebApplication->processRequest()
#2 D:\nginx\html\myvote\index.php(13): CApplication->run()
#3 {main} REQUEST_URI=/myvote/index.php?r=Default/logout
2015/07/17 06:40:51 [error] [exception.CHttpException.403] exception 'CHttpException' with message 'You are not authorized to perform this action.' in D:\nginx\html\yii1\framework\web\auth\CAccessControlFilter.php:157
Stack trace:
#0 D:\nginx\html\yii1\framework\web\auth\CAccessControlFilter.php(119): CAccessControlFilter->accessDenied(Object(CWebUser), 'You are not aut...')
#1 D:\nginx\html\yii1\framework\web\filters\CFilter.php(39): CAccessControlFilter->preFilter(Object(CFilterChain))
#2 D:\nginx\html\yii1\framework\web\CController.php(1122): CFilter->filter(Object(CFilterChain))
#3 D:\nginx\html\yii1\framework\web\filters\CInlineFilter.php(59): CController->filterAccessControl(Object(CFilterChain))
#4 D:\nginx\html\yii1\framework\web\filters\CFilterChain.php(130): CInlineFilter->filter(Object(CFilterChain))
#5 D:\nginx\html\yii1\framework\web\CController.php(283): CFilterChain->run()
#6 D:\nginx\html\yii1\framework\web\CController.php(257): CController->runActionWithFilters(Object(CInlineAction), Array)
#7 D:\nginx\html\yii1\framework\web\CWebApplication.php(328): CController->run('admin')
#8 D:\nginx\html\yii1\framework\web\CWebApplication.php(121): CWebApplication->runController('user/admin')
#9 D:\nginx\html\yii1\framework\base\CApplication.php(155): CWebApplication->processRequest()
#10 D:\nginx\html\myvote\index.php(13): CApplication->run()
#11 {main} REQUEST_URI=/myvote/index.php?r=user/admin
2015/07/17 06:45:52 [error] [exception.CHttpException.403] exception 'CHttpException' with message 'You are not authorized to perform this action.' in D:\nginx\html\yii1\framework\web\auth\CAccessControlFilter.php:157
Stack trace:
#0 D:\nginx\html\yii1\framework\web\auth\CAccessControlFilter.php(119): CAccessControlFilter->accessDenied(Object(CWebUser), 'You are not aut...')
#1 D:\nginx\html\yii1\framework\web\filters\CFilter.php(39): CAccessControlFilter->preFilter(Object(CFilterChain))
#2 D:\nginx\html\yii1\framework\web\CController.php(1122): CFilter->filter(Object(CFilterChain))
#3 D:\nginx\html\yii1\framework\web\filters\CInlineFilter.php(59): CController->filterAccessControl(Object(CFilterChain))
#4 D:\nginx\html\yii1\framework\web\filters\CFilterChain.php(130): CInlineFilter->filter(Object(CFilterChain))
#5 D:\nginx\html\yii1\framework\web\CController.php(283): CFilterChain->run()
#6 D:\nginx\html\yii1\framework\web\CController.php(257): CController->runActionWithFilters(Object(CInlineAction), Array)
#7 D:\nginx\html\yii1\framework\web\CWebApplication.php(328): CController->run('admin')
#8 D:\nginx\html\yii1\framework\web\CWebApplication.php(121): CWebApplication->runController('TpZt/admin')
#9 D:\nginx\html\yii1\framework\base\CApplication.php(155): CWebApplication->processRequest()
#10 D:\nginx\html\myvote\index.php(13): CApplication->run()
#11 {main} REQUEST_URI=/myvote/index.php?r=TpZt/admin
2015/07/17 06:45:58 [error] [exception.CHttpException.403] exception 'CHttpException' with message 'You are not authorized to perform this action.' in D:\nginx\html\yii1\framework\web\auth\CAccessControlFilter.php:157
Stack trace:
#0 D:\nginx\html\yii1\framework\web\auth\CAccessControlFilter.php(119): CAccessControlFilter->accessDenied(Object(CWebUser), 'You are not aut...')
#1 D:\nginx\html\yii1\framework\web\filters\CFilter.php(39): CAccessControlFilter->preFilter(Object(CFilterChain))
#2 D:\nginx\html\yii1\framework\web\CController.php(1122): CFilter->filter(Object(CFilterChain))
#3 D:\nginx\html\yii1\framework\web\filters\CInlineFilter.php(59): CController->filterAccessControl(Object(CFilterChain))
#4 D:\nginx\html\yii1\framework\web\filters\CFilterChain.php(130): CInlineFilter->filter(Object(CFilterChain))
#5 D:\nginx\html\yii1\framework\web\CController.php(283): CFilterChain->run()
#6 D:\nginx\html\yii1\framework\web\CController.php(257): CController->runActionWithFilters(Object(CInlineAction), Array)
#7 D:\nginx\html\yii1\framework\web\CWebApplication.php(328): CController->run('admin')
#8 D:\nginx\html\yii1\framework\web\CWebApplication.php(121): CWebApplication->runController('TpWt/admin')
#9 D:\nginx\html\yii1\framework\base\CApplication.php(155): CWebApplication->processRequest()
#10 D:\nginx\html\myvote\index.php(13): CApplication->run()
#11 {main} REQUEST_URI=/myvote/index.php?r=TpWt/admin
2015/07/17 06:46:01 [error] [exception.CHttpException.403] exception 'CHttpException' with message 'You are not authorized to perform this action.' in D:\nginx\html\yii1\framework\web\auth\CAccessControlFilter.php:157
Stack trace:
#0 D:\nginx\html\yii1\framework\web\auth\CAccessControlFilter.php(119): CAccessControlFilter->accessDenied(Object(CWebUser), 'You are not aut...')
#1 D:\nginx\html\yii1\framework\web\filters\CFilter.php(39): CAccessControlFilter->preFilter(Object(CFilterChain))
#2 D:\nginx\html\yii1\framework\web\CController.php(1122): CFilter->filter(Object(CFilterChain))
#3 D:\nginx\html\yii1\framework\web\filters\CInlineFilter.php(59): CController->filterAccessControl(Object(CFilterChain))
#4 D:\nginx\html\yii1\framework\web\filters\CFilterChain.php(130): CInlineFilter->filter(Object(CFilterChain))
#5 D:\nginx\html\yii1\framework\web\CController.php(283): CFilterChain->run()
#6 D:\nginx\html\yii1\framework\web\CController.php(257): CController->runActionWithFilters(Object(CInlineAction), Array)
#7 D:\nginx\html\yii1\framework\web\CWebApplication.php(328): CController->run('admin')
#8 D:\nginx\html\yii1\framework\web\CWebApplication.php(121): CWebApplication->runController('TpXx/admin')
#9 D:\nginx\html\yii1\framework\base\CApplication.php(155): CWebApplication->processRequest()
#10 D:\nginx\html\myvote\index.php(13): CApplication->run()
#11 {main} REQUEST_URI=/myvote/index.php?r=TpXx/admin
2015/07/17 06:47:00 [error] [exception.CHttpException.403] exception 'CHttpException' with message 'You are not authorized to perform this action.' in D:\nginx\html\yii1\framework\web\auth\CAccessControlFilter.php:157
Stack trace:
#0 D:\nginx\html\yii1\framework\web\auth\CAccessControlFilter.php(119): CAccessControlFilter->accessDenied(Object(CWebUser), 'You are not aut...')
#1 D:\nginx\html\yii1\framework\web\filters\CFilter.php(39): CAccessControlFilter->preFilter(Object(CFilterChain))
#2 D:\nginx\html\yii1\framework\web\CController.php(1122): CFilter->filter(Object(CFilterChain))
#3 D:\nginx\html\yii1\framework\web\filters\CInlineFilter.php(59): CController->filterAccessControl(Object(CFilterChain))
#4 D:\nginx\html\yii1\framework\web\filters\CFilterChain.php(130): CInlineFilter->filter(Object(CFilterChain))
#5 D:\nginx\html\yii1\framework\web\CController.php(283): CFilterChain->run()
#6 D:\nginx\html\yii1\framework\web\CController.php(257): CController->runActionWithFilters(Object(CInlineAction), Array)
#7 D:\nginx\html\yii1\framework\web\CWebApplication.php(328): CController->run('admin')
#8 D:\nginx\html\yii1\framework\web\CWebApplication.php(121): CWebApplication->runController('TpXx/admin')
#9 D:\nginx\html\yii1\framework\base\CApplication.php(155): CWebApplication->processRequest()
#10 D:\nginx\html\myvote\index.php(13): CApplication->run()
#11 {main} REQUEST_URI=/myvote/index.php?r=TpXx/admin
2015/07/17 06:47:11 [error] [exception.CHttpException.403] exception 'CHttpException' with message 'You are not authorized to perform this action.' in D:\nginx\html\yii1\framework\web\auth\CAccessControlFilter.php:157
Stack trace:
#0 D:\nginx\html\yii1\framework\web\auth\CAccessControlFilter.php(119): CAccessControlFilter->accessDenied(Object(CWebUser), 'You are not aut...')
#1 D:\nginx\html\yii1\framework\web\filters\CFilter.php(39): CAccessControlFilter->preFilter(Object(CFilterChain))
#2 D:\nginx\html\yii1\framework\web\CController.php(1122): CFilter->filter(Object(CFilterChain))
#3 D:\nginx\html\yii1\framework\web\filters\CInlineFilter.php(59): CController->filterAccessControl(Object(CFilterChain))
#4 D:\nginx\html\yii1\framework\web\filters\CFilterChain.php(130): CInlineFilter->filter(Object(CFilterChain))
#5 D:\nginx\html\yii1\framework\web\CController.php(283): CFilterChain->run()
#6 D:\nginx\html\yii1\framework\web\CController.php(257): CController->runActionWithFilters(Object(CInlineAction), Array)
#7 D:\nginx\html\yii1\framework\web\CWebApplication.php(328): CController->run('admin')
#8 D:\nginx\html\yii1\framework\web\CWebApplication.php(121): CWebApplication->runController('user/admin')
#9 D:\nginx\html\yii1\framework\base\CApplication.php(155): CWebApplication->processRequest()
#10 D:\nginx\html\myvote\index.php(13): CApplication->run()
#11 {main} REQUEST_URI=/myvote/index.php?r=user/admin
2015/07/17 06:48:37 [error] [exception.CHttpException.404] exception 'CHttpException' with message 'The requested page does not exist.' in D:\nginx\html\myvote\protected\controllers\UserController.php:154
Stack trace:
#0 D:\nginx\html\myvote\protected\controllers\UserController.php(86): UserController->loadModel('')
#1 [internal function]: UserController->actionUpdate('')
#2 D:\nginx\html\yii1\framework\web\actions\CAction.php(104): ReflectionMethod->invokeArgs(Object(UserController), Array)
#3 D:\nginx\html\yii1\framework\web\actions\CInlineAction.php(48): CAction->runWithParamsInternal(Object(UserController), Object(ReflectionMethod), Array)
#4 D:\nginx\html\yii1\framework\web\CController.php(300): CInlineAction->runWithParams(Array)
#5 D:\nginx\html\yii1\framework\web\filters\CFilterChain.php(133): CController->runAction(Object(CInlineAction))
#6 D:\nginx\html\yii1\framework\web\filters\CFilter.php(41): CFilterChain->run()
#7 D:\nginx\html\yii1\framework\web\CController.php(1122): CFilter->filter(Object(CFilterChain))
#8 D:\nginx\html\yii1\framework\web\filters\CInlineFilter.php(59): CController->filterAccessControl(Object(CFilterChain))
#9 D:\nginx\html\yii1\framework\web\filters\CFilterChain.php(130): CInlineFilter->filter(Object(CFilterChain))
#10 D:\nginx\html\yii1\framework\web\CController.php(283): CFilterChain->run()
#11 D:\nginx\html\yii1\framework\web\CController.php(257): CController->runActionWithFilters(Object(CInlineAction), Array)
#12 D:\nginx\html\yii1\framework\web\CWebApplication.php(328): CController->run('update')
#13 D:\nginx\html\yii1\framework\web\CWebApplication.php(121): CWebApplication->runController('user/update')
#14 D:\nginx\html\yii1\framework\base\CApplication.php(155): CWebApplication->processRequest()
#15 D:\nginx\html\myvote\index.php(13): CApplication->run()
#16 {main} REQUEST_URI=/myvote/index.php?r=user/update&id=
2015/07/17 08:39:59 [error] [exception.CHttpException.403] exception 'CHttpException' with message 'You are not authorized to perform this action.' in D:\nginx\html\yii1\framework\web\auth\CAccessControlFilter.php:157
Stack trace:
#0 D:\nginx\html\yii1\framework\web\auth\CAccessControlFilter.php(119): CAccessControlFilter->accessDenied(Object(CWebUser), 'You are not aut...')
#1 D:\nginx\html\yii1\framework\web\filters\CFilter.php(39): CAccessControlFilter->preFilter(Object(CFilterChain))
#2 D:\nginx\html\yii1\framework\web\CController.php(1122): CFilter->filter(Object(CFilterChain))
#3 D:\nginx\html\yii1\framework\web\filters\CInlineFilter.php(59): CController->filterAccessControl(Object(CFilterChain))
#4 D:\nginx\html\yii1\framework\web\filters\CFilterChain.php(130): CInlineFilter->filter(Object(CFilterChain))
#5 D:\nginx\html\yii1\framework\web\CController.php(283): CFilterChain->run()
#6 D:\nginx\html\yii1\framework\web\CController.php(257): CController->runActionWithFilters(Object(CInlineAction), Array)
#7 D:\nginx\html\yii1\framework\web\CWebApplication.php(328): CController->run('admin')
#8 D:\nginx\html\yii1\framework\web\CWebApplication.php(121): CWebApplication->runController('user/admin')
#9 D:\nginx\html\yii1\framework\base\CApplication.php(155): CWebApplication->processRequest()
#10 D:\nginx\html\myvote\index.php(13): CApplication->run()
#11 {main} REQUEST_URI=/myvote/index.php?r=user/admin
